2015-06-03 11:24:50 Debug: send mail  s: ewqeqwe qw - iQual Data: Array
(
    [content] => eqweqweqwe qweqw
)

2015-06-03 11:24:50 Debug: send mail  s: ewqeqwe qw - iQual Data: Array
(
    [content] => eqweqweqwe qweqw
)

2015-06-03 11:25:16 Debug: send mail jan.ranostaj@gmail.com s: ewqeqwe qw - iQual Data: Array
(
    [content] => eqweqweqwe qweqw
)

2015-06-03 11:25:16 Debug: send mail jano@www.ss s: ewqeqwe qw - iQual Data: Array
(
    [content] => eqweqweqwe qweqw
)

2015-06-03 11:37:42 Debug: send mail jan.ranostaj@tns-global.sk s: eqwe qw eqw - iQual Data: Array
(
    [content] => e qw eqw eq
)

2015-06-03 11:37:42 Debug: send mail adadad@dadasds.ss s: eqwe qw eqw - iQual Data: Array
(
    [content] => e qw eqw eq
)

2015-06-03 11:37:42 Debug: send mail qweqweq@ss.ss s: eqwe qw eqw - iQual Data: Array
(
    [content] => e qw eqw eq
)

2015-06-03 11:39:31 Debug: send mail jan.ranostaj@tns-global.sk s: ewqe qw eqw - iQual Data: Array
(
    [content] => eqw eqw eqw
)

2015-06-03 11:39:31 Debug: send mail adadad@dadasds.ss s: ewqe qw eqw - iQual Data: Array
(
    [content] => eqw eqw eqw
)

2015-06-03 11:40:19 Debug: send mail jan.ranostaj@tns-global.sk s: eqweqw - iQual Data: Array
(
    [content] => eqw eqwe qw
)

2015-06-03 11:40:19 Debug: send mail adadad@dadasds.ss s: eqweqw - iQual Data: Array
(
    [content] => eqw eqwe qw
)

2015-06-03 11:40:56 Debug: send mail jan.ranostaj@tns-global.sk s: eqw eqw eqw - iQual Data: Array
(
    [content] => e qw eqw eqw
)

2015-06-03 11:40:56 Debug: send mail adadad@dadasds.ss s: eqw eqw eqw - iQual Data: Array
(
    [content] => e qw eqw eqw
)

2015-06-03 11:41:29 Debug: send mail jan.ranostaj@tns-global.sk s: ewq eqw - iQual Data: Array
(
    [content] => eqw eqw
)

2015-06-03 11:41:29 Debug: send mail adadad@dadasds.ss s: ewq eqw - iQual Data: Array
(
    [content] => eqw eqw
)

2015-06-03 12:49:41 Debug: send mail jan.ranostaj@tns-global.sk s: ewqeqw - iQual Data: Array
(
    [content] => ewqeqw
)

2015-06-03 12:49:41 Debug: send mail adadad@dadasds.ss s: ewqeqw - iQual Data: Array
(
    [content] => ewqeqw
)

2015-06-03 12:49:58 Debug: send mail jan.ranostaj@tns-global.sk s: eqweqw - iQual Data: Array
(
    [content] => &#10;&#10;                
)

2015-06-03 12:49:58 Debug: send mail adadad@dadasds.ss s: eqweqw - iQual Data: Array
(
    [content] => &#10;&#10;                
)

2015-06-03 12:49:58 Debug: send mail qweqweq@ss.ss s: eqweqw - iQual Data: Array
(
    [content] => &#10;&#10;                
)

2015-06-03 12:53:20 Debug: send mail jan.ranostaj@tns-global.sk s: eqweqw - iQual Data: Array
(
    [content] => 

                
)

2015-06-03 12:54:31 Debug: send mail jan.ranostaj@tns-global.sk s: eqweq - iQual Data: Array
(
    [content] => 

                
)

2015-06-03 12:54:31 Debug: send mail adadad@dadasds.ss s: eqweq - iQual Data: Array
(
    [content] => 

                
)

2015-06-03 12:54:31 Debug: send mail qweqweq@ss.ss s: eqweq - iQual Data: Array
(
    [content] => 

                
)

2015-06-03 12:54:54 Debug: send mail jan.ranostaj@tns-global.sk s: eqweq - iQual Data: Array
(
    [content] => 

                
)

2015-06-03 12:54:54 Debug: send mail adadad@dadasds.ss s: eqweq - iQual Data: Array
(
    [content] => 

                
)

2015-06-03 12:54:54 Debug: send mail qweqweq@ss.ss s: eqweq - iQual Data: Array
(
    [content] => 

                
)

2015-06-03 12:55:20 Debug: send mail jan.ranostaj@tns-global.sk s: ewqeqw - iQual Data: Array
(
    [content] => <div><br/></div><div><br/></div><div><br/></div><div><br/></div>
)

2015-06-03 12:55:20 Debug: send mail adadad@dadasds.ss s: ewqeqw - iQual Data: Array
(
    [content] => <div><br/></div><div><br/></div><div><br/></div><div><br/></div>
)

2015-06-03 12:55:20 Debug: send mail qweqweq@ss.ss s: ewqeqw - iQual Data: Array
(
    [content] => <div><br/></div><div><br/></div><div><br/></div><div><br/></div>
)

2015-06-03 13:18:37 Debug: send mail jano@ss.ss s: wqweqw - iQual Data: Array
(
    [content] => eqw eqw eqw
)

2015-06-03 13:19:14 Debug: send mail jano@ss.ss s: Nove konto Data: Array
(
    [user] => Array
        (
            [id] => 51
            [role_id] => 2
            [username] => jano@ss.ss
            [password] => c529c16504926579f2f850f2a957f5d44e1a1f94
            [name] => jano1234
            [pictogram_id] => 5
            [agreed] => 0
            [remember] => 0
            [token] => 
            [expire_token] => 0000-00-00 00:00:00
            [created] => 2014-08-14 09:08:29
            [comments] => 0
            [Theme] => Array
                (
                    [0] => Array
                        (
                            [id] => 31
                            [project_id] => 32
                            [name] => test 5 tema
                            [text] => wqe wq eqw<br/>
                            [type] => 0
                            [active] => 0
                            [created] => 2014-10-29 13:17:25
                            [created_format] => 29.10.14 - 13:17
                            [respondents] => 0
                            [comments] => 0
                            [add] => 1
                        )

                )

            [notify] => 1
            [checked] => 1
            [pass] => RDUapA
        )

    [project] => Array
        (
            [id] => 32
            [name] => Test 5
            [description] => ewqeqw eqw e<br/>
            [uname] => Jan Ranostaj
            [email] => jano@jano.sk
            [phone] => 1123123
            [youtube] => 0
            [image] => 0
            [active] => 0
            [created] => 2014-10-29 13:17:00
            [users] => 0
            [themes] => 1
        )

)

2015-07-01 12:30:43 Debug: send mail jano@jano.sk s: Notifikacia z iQual.sk Data: Array
(
    [theme_id] => 11
    [parent_id] => 193
    [text] => Daka za info
    [user_id] => 127
    [username] => ranostajj@aaa.ss
    [name] => Jano 123
    [created] => 2015-07-01 12:30:43
    [lft] => 381
    [rght] => 382
    [hash] => 5593c153-f55c-45a4-b5b1-1170f4e328f3
    [id] => 194
    [Theme] => Array
        (
            [id] => 11
            [project_id] => 3
            [name] => Nova tema 11
            [text] => Lorem ipsum dolor sit amet, consectetur adipiscing elit. Phasellus at scelerisque odio. Duis metus odio, accumsan eu fermentum ut, hendrerit non dui. In sollicitudin ullamcorper felis, vel dignissim odio aliquet condimentum. Proin ultricies consectetur sodales. Duis sollicitudin laoreet faucibus. Suspendisse sed quam cursus, efficitur felis ut, semper est. Mauris imperdiet lectus massa, eget dignissim ante gravida eget. Fusce a dolor sit amet nisl ullamcorper elementum. Suspendisse elementum luctus sem nec euismod.

Lorem ipsum dolor sit amet, consectetur adipiscing elit. Phasellus at scelerisque odio. Duis metus odio, accumsan eu fermentum ut, hendrerit non dui. In sollicitudin ullamcorper felis, vel dignissim odio aliquet condimentum. Proin ultricies consectetur sodales. Duis sollicitudin laoreet faucibus. Suspendisse sed quam cursus, efficitur felis ut, semper est. Mauris imperdiet lectus massa, eget dignissim ante gravida eget. Fusce a dolor sit amet nisl ullamcorper elementum. Suspendisse elementum luctus sem nec euismod.
            [type] => 0
            [active] => 1
            [created] => 2014-07-07 09:55:35
            [created_format] => 07.07.14 - 09:55
            [respondents] => 6
            [comments] => 3
        )

    [Project] => Array
        (
            [id] => 3
            [name] => Projekt 3
            [description] => Projekt 3 das das das
            [uname] => 321312
            [email] => asda@ss.ss
            [phone] => 312312312
            [youtube] => 0
            [image] => 0
            [active] => 1
            [created] => 0000-00-00 00:00:00
            [users] => 8
            [themes] => 8
        )

    [user_role] => user
)

2015-07-01 12:37:40 Debug: send mail jano@jano.sk s: Notifikacia z iQual.sk Data: Array
(
    [parent_id] => 193
    [private_id] => 0
    [text] => ahoj dobre
    [theme_id] => 11
    [user_id] => 127
    [username] => ranostajj@aaa.ss
    [name] => Jano 123
    [created] => 2015-07-01 12:37:39
    [lft] => 383
    [rght] => 384
    [hash] => 5593c2f3-517c-4709-a1f7-1170f4e328f3
    [id] => 195
    [Theme] => Array
        (
            [id] => 11
            [project_id] => 3
            [name] => Nova tema 11
            [text] => Lorem ipsum dolor sit amet, consectetur adipiscing elit. Phasellus at scelerisque odio. Duis metus odio, accumsan eu fermentum ut, hendrerit non dui. In sollicitudin ullamcorper felis, vel dignissim odio aliquet condimentum. Proin ultricies consectetur sodales. Duis sollicitudin laoreet faucibus. Suspendisse sed quam cursus, efficitur felis ut, semper est. Mauris imperdiet lectus massa, eget dignissim ante gravida eget. Fusce a dolor sit amet nisl ullamcorper elementum. Suspendisse elementum luctus sem nec euismod.

Lorem ipsum dolor sit amet, consectetur adipiscing elit. Phasellus at scelerisque odio. Duis metus odio, accumsan eu fermentum ut, hendrerit non dui. In sollicitudin ullamcorper felis, vel dignissim odio aliquet condimentum. Proin ultricies consectetur sodales. Duis sollicitudin laoreet faucibus. Suspendisse sed quam cursus, efficitur felis ut, semper est. Mauris imperdiet lectus massa, eget dignissim ante gravida eget. Fusce a dolor sit amet nisl ullamcorper elementum. Suspendisse elementum luctus sem nec euismod.
            [type] => 0
            [active] => 1
            [created] => 2014-07-07 09:55:35
            [created_format] => 07.07.14 - 09:55
            [respondents] => 6
            [comments] => 4
        )

    [Project] => Array
        (
            [id] => 3
            [name] => Projekt 3
            [description] => Projekt 3 das das das
            [uname] => 321312
            [email] => asda@ss.ss
            [phone] => 312312312
            [youtube] => 0
            [image] => 0
            [active] => 1
            [created] => 0000-00-00 00:00:00
            [users] => 8
            [themes] => 8
        )

    [user_role] => user
)

2015-07-01 12:42:15 Debug: send mail ranostajj@aaa.ss s: Notifikacia z iQual.sk Data: Array
(
    [parent_id] => 0
    [private_id] => 127
    [text] => sukromna sprava
    [theme_id] => 11
    [user_id] => 1
    [username] => jano@jano.sk
    [name] => Jan Ranostaj
    [private_name] => Jano 123
    [created] => 2015-07-01 12:42:14
    [lft] => 387
    [rght] => 388
    [hash] => 5593c406-213c-44eb-bde9-1170f4e328f3
    [id] => 196
    [Theme] => Array
        (
            [id] => 11
            [project_id] => 3
            [name] => Nova tema 11
            [text] => Lorem ipsum dolor sit amet, consectetur adipiscing elit. Phasellus at scelerisque odio. Duis metus odio, accumsan eu fermentum ut, hendrerit non dui. In sollicitudin ullamcorper felis, vel dignissim odio aliquet condimentum. Proin ultricies consectetur sodales. Duis sollicitudin laoreet faucibus. Suspendisse sed quam cursus, efficitur felis ut, semper est. Mauris imperdiet lectus massa, eget dignissim ante gravida eget. Fusce a dolor sit amet nisl ullamcorper elementum. Suspendisse elementum luctus sem nec euismod.

Lorem ipsum dolor sit amet, consectetur adipiscing elit. Phasellus at scelerisque odio. Duis metus odio, accumsan eu fermentum ut, hendrerit non dui. In sollicitudin ullamcorper felis, vel dignissim odio aliquet condimentum. Proin ultricies consectetur sodales. Duis sollicitudin laoreet faucibus. Suspendisse sed quam cursus, efficitur felis ut, semper est. Mauris imperdiet lectus massa, eget dignissim ante gravida eget. Fusce a dolor sit amet nisl ullamcorper elementum. Suspendisse elementum luctus sem nec euismod.
            [type] => 0
            [active] => 1
            [created] => 2014-07-07 09:55:35
            [created_format] => 07.07.14 - 09:55
            [respondents] => 6
            [comments] => 5
        )

    [Project] => Array
        (
            [id] => 3
            [name] => Projekt 3
            [description] => Projekt 3 das das das
            [uname] => 321312
            [email] => asda@ss.ss
            [phone] => 312312312
            [youtube] => 0
            [image] => 0
            [active] => 1
            [created] => 0000-00-00 00:00:00
            [users] => 8
            [themes] => 8
        )

    [user_role] => admin
)

2015-07-02 09:10:41 Debug: send mail ranostajj@aaa.ss s: Notifikacia z iQual.sk Data: Array
(
    [parent_id] => 192
    [private_id] => 0
    [text] => okej
    [theme_id] => 11
    [user_id] => 1
    [username] => jano@jano.sk
    [name] => Jan Ranostaj
    [created] => 2015-07-02 09:10:41
    [lft] => 386
    [rght] => 387
    [hash] => 5594e3f1-7ac4-45ac-a170-29c0f4e328f3
    [id] => 202
    [Theme] => Array
        (
            [id] => 11
            [project_id] => 3
            [name] => Nova tema 11
            [text] => Lorem ipsum dolor sit amet, consectetur adipiscing elit. Phasellus at scelerisque odio. Duis metus odio, accumsan eu fermentum ut, hendrerit non dui. In sollicitudin ullamcorper felis, vel dignissim odio aliquet condimentum. Proin ultricies consectetur sodales. Duis sollicitudin laoreet faucibus. Suspendisse sed quam cursus, efficitur felis ut, semper est. Mauris imperdiet lectus massa, eget dignissim ante gravida eget. Fusce a dolor sit amet nisl ullamcorper elementum. Suspendisse elementum luctus sem nec euismod.

Lorem ipsum dolor sit amet, consectetur adipiscing elit. Phasellus at scelerisque odio. Duis metus odio, accumsan eu fermentum ut, hendrerit non dui. In sollicitudin ullamcorper felis, vel dignissim odio aliquet condimentum. Proin ultricies consectetur sodales. Duis sollicitudin laoreet faucibus. Suspendisse sed quam cursus, efficitur felis ut, semper est. Mauris imperdiet lectus massa, eget dignissim ante gravida eget. Fusce a dolor sit amet nisl ullamcorper elementum. Suspendisse elementum luctus sem nec euismod.
            [type] => 0
            [active] => 1
            [created] => 2014-07-07 09:55:35
            [created_format] => 07.07.14 - 09:55
            [respondents] => 6
            [comments] => 11
        )

    [Project] => Array
        (
            [id] => 3
            [name] => Projekt 3
            [description] => Projekt 3 das das das
            [uname] => 321312
            [email] => asda@ss.ss
            [phone] => 312312312
            [youtube] => 0
            [image] => 0
            [active] => 1
            [created] => 0000-00-00 00:00:00
            [users] => 8
            [themes] => 8
        )

    [user_role] => admin
)

2015-07-02 09:15:20 Debug: send mail ranostajj@aaa.ss s: Notifikacia z iQual.sk Data: Array
(
    [parent_id] => 192
    [private_id] => 0
    [text] => okej
    [theme_id] => 11
    [user_id] => 1
    [username] => jano@jano.sk
    [name] => Jan Ranostaj
    [created] => 2015-07-02 09:15:20
    [lft] => 388
    [rght] => 389
    [hash] => 5594e508-5e84-43cc-853c-29c0f4e328f3
    [id] => 203
    [Theme] => Array
        (
            [id] => 11
            [project_id] => 3
            [name] => Nova tema 11
            [text] => Lorem ipsum dolor sit amet, consectetur adipiscing elit. Phasellus at scelerisque odio. Duis metus odio, accumsan eu fermentum ut, hendrerit non dui. In sollicitudin ullamcorper felis, vel dignissim odio aliquet condimentum. Proin ultricies consectetur sodales. Duis sollicitudin laoreet faucibus. Suspendisse sed quam cursus, efficitur felis ut, semper est. Mauris imperdiet lectus massa, eget dignissim ante gravida eget. Fusce a dolor sit amet nisl ullamcorper elementum. Suspendisse elementum luctus sem nec euismod.

Lorem ipsum dolor sit amet, consectetur adipiscing elit. Phasellus at scelerisque odio. Duis metus odio, accumsan eu fermentum ut, hendrerit non dui. In sollicitudin ullamcorper felis, vel dignissim odio aliquet condimentum. Proin ultricies consectetur sodales. Duis sollicitudin laoreet faucibus. Suspendisse sed quam cursus, efficitur felis ut, semper est. Mauris imperdiet lectus massa, eget dignissim ante gravida eget. Fusce a dolor sit amet nisl ullamcorper elementum. Suspendisse elementum luctus sem nec euismod.
            [type] => 0
            [active] => 1
            [created] => 2014-07-07 09:55:35
            [created_format] => 07.07.14 - 09:55
            [respondents] => 6
            [comments] => 12
        )

    [Project] => Array
        (
            [id] => 3
            [name] => Projekt 3
            [description] => Projekt 3 das das das
            [uname] => 321312
            [email] => asda@ss.ss
            [phone] => 312312312
            [youtube] => 0
            [image] => 0
            [active] => 1
            [created] => 0000-00-00 00:00:00
            [users] => 8
            [themes] => 8
        )

    [user_role] => admin
)

2015-07-02 09:18:27 Debug: send mail ranostajj@aaa.ss s: Notifikacia z iQual.sk Data: Array
(
    [comment] => Array
        (
            [parent_id] => 192
            [private_id] => 0
            [text] => okej
            [theme_id] => 11
            [user_id] => 1
            [username] => jano@jano.sk
            [name] => Jan Ranostaj
            [created] => 2015-07-02 09:18:27
            [lft] => 390
            [rght] => 391
            [hash] => 5594e5c3-c3e4-475a-8b6a-29c0f4e328f3
            [id] => 204
        )

    [parent] => Array
        (
            [id] => 192
            [parent_id] => 0
            [lft] => 379
            [rght] => 392
            [theme_id] => 11
            [user_id] => 127
            [name] => Jano 123
            [username] => ranostajj@aaa.ss
            [text] => heloo
            [private_id] => 0
            [private_name] => 
            [youtube] => 
            [reaction] => 0
            [hash] => 5593c0d4-c83c-4ee5-9220-1170f4e328f3
            [created] => 2015-07-01 12:28:36
        )

    [user_role] => admin
)

2015-07-02 09:18:44 Debug: send mail ranostajj@aaa.ss s: Notifikacia z iQual.sk Data: Array
(
    [comment] => Array
        (
            [parent_id] => 192
            [private_id] => 0
            [text] => okej
            [theme_id] => 11
            [user_id] => 1
            [username] => jano@jano.sk
            [name] => Jan Ranostaj
            [created] => 2015-07-02 09:18:44
            [lft] => 392
            [rght] => 393
            [hash] => 5594e5d4-b624-4054-8c57-29c0f4e328f3
            [id] => 205
        )

    [parent] => Array
        (
            [id] => 192
            [parent_id] => 0
            [lft] => 379
            [rght] => 394
            [theme_id] => 11
            [user_id] => 127
            [name] => Jano 123
            [username] => ranostajj@aaa.ss
            [text] => heloo
            [private_id] => 0
            [private_name] => 
            [youtube] => 
            [reaction] => 0
            [hash] => 5593c0d4-c83c-4ee5-9220-1170f4e328f3
            [created] => 2015-07-01 12:28:36
        )

    [user_role] => admin
)

2015-07-02 09:20:46 Debug: send mail dadada@sss.ss s: Notifikacia z iQual.sk Data: Array
(
    [comment] => Array
        (
            [parent_id] => 0
            [private_id] => 84
            [text] => ew eqw eqw eqw eq
            [theme_id] => 11
            [user_id] => 1
            [username] => jano@jano.sk
            [name] => Jan Ranostaj
            [private_name] => Jano 2
            [created] => 2015-07-02 09:20:46
            [lft] => 407
            [rght] => 408
            [hash] => 5594e64e-70a4-4c9e-99e5-29c0f4e328f3
            [id] => 206
        )

    [parent] => 
    [user_role] => admin
)

2015-07-02 09:28:05 Debug: send mail ranostajj@aaa.ss s: Notifikacia z iQual.sk Data: Array
(
    [comment] => Array
        (
            [parent_id] => 195
            [private_id] => 0
            [text] => d asd asda
            [theme_id] => 11
            [user_id] => 1
            [username] => jano@jano.sk
            [name] => Jan Ranostaj
            [created] => 2015-07-02 09:28:05
            [lft] => 384
            [rght] => 385
            [hash] => 5594e805-0b44-4a9e-b088-29c0f4e328f3
            [id] => 207
        )

    [parent] => Array
        (
            [id] => 195
            [parent_id] => 193
            [lft] => 383
            [rght] => 386
            [theme_id] => 11
            [user_id] => 127
            [name] => Jano 123
            [username] => ranostajj@aaa.ss
            [text] => ahoj dobre
            [private_id] => 0
            [private_name] => 
            [youtube] => 
            [reaction] => 1
            [hash] => 5593c2f3-517c-4709-a1f7-1170f4e328f3
            [created] => 2015-07-01 12:37:39
        )

    [user_role] => admin
)

2015-08-24 12:36:10 Debug: send mail ranostajj@aaa.ss s: Notifikacia z iQual.sk Data: Array
(
    [comment] => Array
        (
            [parent_id] => 195
            [private_id] => 0
            [text] => ewqe qwe qw eqwe
            [theme_id] => 11
            [user_id] => 1
            [username] => jano@jano.sk
            [name] => Jan Ranostaj
            [created] => 2015-08-24 12:36:10
            [lft] => 386
            [rght] => 387
            [hash] => 55daf39a-4ce8-4f0e-885b-3b547f003535
            [id] => 208
        )

    [parent] => Array
        (
            [id] => 195
            [parent_id] => 193
            [lft] => 383
            [rght] => 388
            [theme_id] => 11
            [user_id] => 127
            [name] => Jano 123
            [username] => ranostajj@aaa.ss
            [text] => ahoj dobre
            [private_id] => 0
            [private_name] => 
            [youtube] => 
            [reaction] => 1
            [hash] => 5593c2f3-517c-4709-a1f7-1170f4e328f3
            [created] => 2015-07-01 12:37:39
        )

    [Theme] => Array
        (
            [id] => 11
            [project_id] => 3
            [name] => Nova tema 11
            [text] => Lorem ipsum dolor sit amet, consectetur adipiscing elit. Phasellus at scelerisque odio. Duis metus odio, accumsan eu fermentum ut, hendrerit non dui. In sollicitudin ullamcorper felis, vel dignissim odio aliquet condimentum. Proin ultricies consectetur sodales. Duis sollicitudin laoreet faucibus. Suspendisse sed quam cursus, efficitur felis ut, semper est. Mauris imperdiet lectus massa, eget dignissim ante gravida eget. Fusce a dolor sit amet nisl ullamcorper elementum. Suspendisse elementum luctus sem nec euismod.

Lorem ipsum dolor sit amet, consectetur adipiscing elit. Phasellus at scelerisque odio. Duis metus odio, accumsan eu fermentum ut, hendrerit non dui. In sollicitudin ullamcorper felis, vel dignissim odio aliquet condimentum. Proin ultricies consectetur sodales. Duis sollicitudin laoreet faucibus. Suspendisse sed quam cursus, efficitur felis ut, semper est. Mauris imperdiet lectus massa, eget dignissim ante gravida eget. Fusce a dolor sit amet nisl ullamcorper elementum. Suspendisse elementum luctus sem nec euismod.
            [type] => 0
            [active] => 1
            [created] => 2014-07-07 09:55:35
            [created_format] => 07.07.14 - 09:55
            [respondents] => 6
            [comments] => 16
        )

    [Project] => Array
        (
            [id] => 3
            [name] => Projekt 3
            [description] => Projekt 3 das das das
            [uname] => 321312
            [email] => asda@ss.ss
            [phone] => 312312312
            [youtube] => 0
            [image] => 0
            [active] => 1
            [created] => 0000-00-00 00:00:00
        )

    [ThemeUser] => Array
        (
            [theme_id] => 11
            [user_id] => 84
        )

    [ThemeImage] => Array
        (
        )

    [User] => Array
        (
            [0] => Array
                (
                    [id] => 84
                    [role_id] => 2
                    [username] => dadada@sss.ss
                    [password] => e1ae43b3f1521ca74334eb9730e14c3df5ac0890
                    [name] => Jano 2
                    [pictogram_id] => 3
                    [agreed] => 0
                    [remember] => 0
                    [token] => 
                    [expire_token] => 
                    [created] => 2014-10-29 14:55:20
                    [comments] => 0
                )

            [1] => Array
                (
                    [id] => 102
                    [role_id] => 2
                    [username] => dasdasd@ss.ss
                    [password] => c307b202e2b204aeeb5a45af86c7cbc57d6402cc
                    [name] => sadasda
                    [pictogram_id] => 1
                    [agreed] => 0
                    [remember] => 0
                    [token] => 
                    [expire_token] => 
                    [created] => 2014-11-21 09:56:22
                    [comments] => 0
                )

            [2] => Array
                (
                    [id] => 104
                    [role_id] => 2
                    [username] => eqweqweq@ww.ss
                    [password] => 47eb3f0b13403c64b3bf12f2c53fc0a124e92c60
                    [name] => weqweqw eqw e
                    [pictogram_id] => 4
                    [agreed] => 0
                    [remember] => 0
                    [token] => 
                    [expire_token] => 
                    [created] => 2014-11-21 10:00:23
                    [comments] => 0
                )

            [3] => Array
                (
                    [id] => 105
                    [role_id] => 2
                    [username] => eqweqweq@ss.ss
                    [password] => f8fed91db036971f6fe8eb83f076e5b7f031f4e2
                    [name] => dasds dasdqwewq eqw
                    [pictogram_id] => 4
                    [agreed] => 0
                    [remember] => 0
                    [token] => 
                    [expire_token] => 
                    [created] => 2014-11-21 10:11:38
                    [comments] => 0
                )

            [4] => Array
                (
                    [id] => 106
                    [role_id] => 2
                    [username] => eqweq@aaa.aa
                    [password] => 74ec72e119cce24bbae1fcf5a5609c1834283ffb
                    [name] => dasd as dasd a
                    [pictogram_id] => 5
                    [agreed] => 0
                    [remember] => 0
                    [token] => 
                    [expire_token] => 
                    [created] => 2014-11-21 10:31:07
                    [comments] => 0
                )

            [5] => Array
                (
                    [id] => 127
                    [role_id] => 2
                    [username] => ranostajj@aaa.ss
                    [password] => 837726640f3dfa0ef6db3efd1e4f60086424e74f
                    [name] => Jano 123
                    [pictogram_id] => 4
                    [agreed] => 1
                    [remember] => 0
                    [token] => 55953829-95a4-49ad-b793-29c0f4e328f3
                    [expire_token] => 2015-07-02 17:10:01
                    [created] => 2014-12-08 14:58:25
                    [comments] => 4
                )

        )

    [user_role] => admin
)

2015-08-24 12:36:46 Debug: send mail ranostajj@aaa.ss s: Notifikacia z iQual.sk Data: Array
(
    [comment] => Array
        (
            [parent_id] => 195
            [private_id] => 0
            [text] => hellooooo
            [theme_id] => 11
            [user_id] => 1
            [username] => jano@jano.sk
            [name] => Jan Ranostaj
            [created] => 2015-08-24 12:36:46
            [lft] => 388
            [rght] => 389
            [hash] => 55daf3be-f228-45b9-bcf1-3b547f003535
            [id] => 209
        )

    [parent] => Array
        (
            [id] => 195
            [parent_id] => 193
            [lft] => 383
            [rght] => 390
            [theme_id] => 11
            [user_id] => 127
            [name] => Jano 123
            [username] => ranostajj@aaa.ss
            [text] => ahoj dobre
            [private_id] => 0
            [private_name] => 
            [youtube] => 
            [reaction] => 1
            [hash] => 5593c2f3-517c-4709-a1f7-1170f4e328f3
            [created] => 2015-07-01 12:37:39
        )

    [Theme] => Array
        (
            [id] => 11
            [project_id] => 3
            [name] => Nova tema 11
            [text] => Lorem ipsum dolor sit amet, consectetur adipiscing elit. Phasellus at scelerisque odio. Duis metus odio, accumsan eu fermentum ut, hendrerit non dui. In sollicitudin ullamcorper felis, vel dignissim odio aliquet condimentum. Proin ultricies consectetur sodales. Duis sollicitudin laoreet faucibus. Suspendisse sed quam cursus, efficitur felis ut, semper est. Mauris imperdiet lectus massa, eget dignissim ante gravida eget. Fusce a dolor sit amet nisl ullamcorper elementum. Suspendisse elementum luctus sem nec euismod.

Lorem ipsum dolor sit amet, consectetur adipiscing elit. Phasellus at scelerisque odio. Duis metus odio, accumsan eu fermentum ut, hendrerit non dui. In sollicitudin ullamcorper felis, vel dignissim odio aliquet condimentum. Proin ultricies consectetur sodales. Duis sollicitudin laoreet faucibus. Suspendisse sed quam cursus, efficitur felis ut, semper est. Mauris imperdiet lectus massa, eget dignissim ante gravida eget. Fusce a dolor sit amet nisl ullamcorper elementum. Suspendisse elementum luctus sem nec euismod.
            [type] => 0
            [active] => 1
            [created] => 2014-07-07 09:55:35
            [created_format] => 07.07.14 - 09:55
            [respondents] => 6
            [comments] => 16
        )

    [Project] => Array
        (
            [id] => 3
            [name] => Projekt 3
            [description] => Projekt 3 das das das
            [uname] => 321312
            [email] => asda@ss.ss
            [phone] => 312312312
            [youtube] => 0
            [image] => 0
            [active] => 1
            [created] => 0000-00-00 00:00:00
        )

    [ThemeUser] => Array
        (
            [theme_id] => 11
            [user_id] => 84
        )

    [ThemeImage] => Array
        (
        )

    [User] => Array
        (
            [0] => Array
                (
                    [id] => 84
                    [role_id] => 2
                    [username] => dadada@sss.ss
                    [password] => e1ae43b3f1521ca74334eb9730e14c3df5ac0890
                    [name] => Jano 2
                    [pictogram_id] => 3
                    [agreed] => 0
                    [remember] => 0
                    [token] => 
                    [expire_token] => 
                    [created] => 2014-10-29 14:55:20
                    [comments] => 0
                )

            [1] => Array
                (
                    [id] => 102
                    [role_id] => 2
                    [username] => dasdasd@ss.ss
                    [password] => c307b202e2b204aeeb5a45af86c7cbc57d6402cc
                    [name] => sadasda
                    [pictogram_id] => 1
                    [agreed] => 0
                    [remember] => 0
                    [token] => 
                    [expire_token] => 
                    [created] => 2014-11-21 09:56:22
                    [comments] => 0
                )

            [2] => Array
                (
                    [id] => 104
                    [role_id] => 2
                    [username] => eqweqweq@ww.ss
                    [password] => 47eb3f0b13403c64b3bf12f2c53fc0a124e92c60
                    [name] => weqweqw eqw e
                    [pictogram_id] => 4
                    [agreed] => 0
                    [remember] => 0
                    [token] => 
                    [expire_token] => 
                    [created] => 2014-11-21 10:00:23
                    [comments] => 0
                )

            [3] => Array
                (
                    [id] => 105
                    [role_id] => 2
                    [username] => eqweqweq@ss.ss
                    [password] => f8fed91db036971f6fe8eb83f076e5b7f031f4e2
                    [name] => dasds dasdqwewq eqw
                    [pictogram_id] => 4
                    [agreed] => 0
                    [remember] => 0
                    [token] => 
                    [expire_token] => 
                    [created] => 2014-11-21 10:11:38
                    [comments] => 0
                )

            [4] => Array
                (
                    [id] => 106
                    [role_id] => 2
                    [username] => eqweq@aaa.aa
                    [password] => 74ec72e119cce24bbae1fcf5a5609c1834283ffb
                    [name] => dasd as dasd a
                    [pictogram_id] => 5
                    [agreed] => 0
                    [remember] => 0
                    [token] => 
                    [expire_token] => 
                    [created] => 2014-11-21 10:31:07
                    [comments] => 0
                )

            [5] => Array
                (
                    [id] => 127
                    [role_id] => 2
                    [username] => ranostajj@aaa.ss
                    [password] => 837726640f3dfa0ef6db3efd1e4f60086424e74f
                    [name] => Jano 123
                    [pictogram_id] => 4
                    [agreed] => 1
                    [remember] => 0
                    [token] => 55953829-95a4-49ad-b793-29c0f4e328f3
                    [expire_token] => 2015-07-02 17:10:01
                    [created] => 2014-12-08 14:58:25
                    [comments] => 4
                )

        )

    [user_role] => admin
)

2015-08-24 12:44:24 Debug: send mail janci@janci.sk s: Notifikacia z iQual.sk Data: Array
(
    [comment] => Array
        (
            [parent_id] => 210
            [private_id] => 0
            [text] => test
            [theme_id] => 49
            [user_id] => 1
            [username] => jano@jano.sk
            [name] => Jan Ranostaj
            [created] => 2015-08-24 12:44:23
            [lft] => 416
            [rght] => 417
            [hash] => 55daf587-1860-470b-9ce9-3b547f003535
            [id] => 212
        )

    [parent] => Array
        (
            [id] => 210
            [parent_id] => 0
            [lft] => 415
            [rght] => 418
            [theme_id] => 49
            [user_id] => 121
            [name] => d as dasd qwewq eqw eqw ed asd as
            [username] => janci@janci.sk
            [text] => das da da da
            [private_id] => 0
            [private_name] => 
            [youtube] => 
            [reaction] => 0
            [hash] => 55daf555-99c0-4739-8b41-3b547f003535
            [created] => 2015-08-24 12:43:33
        )

    [Theme] => Array
        (
            [id] => 49
            [project_id] => 47
            [name] => Test
            [text] => 
            [type] => 0
            [active] => 1
            [created] => 2015-08-24 12:41:48
            [created_format] => 24.08.15 - 12:41
            [respondents] => 5
            [comments] => 2
        )

    [Project] => Array
        (
            [id] => 47
            [name] => Testovanie projektu
            [description] => e qw eqw eqw
            [uname] => Jan Ranostaj
            [email] => jano@jano.sk
            [phone] => 8787878
            [youtube] => 0
            [image] => 0
            [active] => 1
            [created] => 2014-12-02 10:17:11
        )

    [ThemeUser] => Array
        (
            [theme_id] => 49
            [user_id] => 8
        )

    [ThemeImage] => Array
        (
        )

    [User] => Array
        (
            [0] => Array
                (
                    [id] => 8
                    [role_id] => 2
                    [username] => jan.ranostaj@gmail.com
                    [password] => 31cf3cf23b457a2b66f002a0e8c91fda6b0b2c07
                    [name] => Jan Ranostaj 8
                    [pictogram_id] => 4
                    [agreed] => 1
                    [remember] => 0
                    [token] => 
                    [expire_token] => 2014-11-19 13:01:36
                    [created] => 2014-06-18 14:12:35
                    [comments] => 13
                )

            [1] => Array
                (
                    [id] => 118
                    [role_id] => 2
                    [username] => jano@www.ss
                    [password] => dd5c010264bf9253e6cccc88c215a10148c44506
                    [name] => Janci 23434
                    [pictogram_id] => 1
                    [agreed] => 0
                    [remember] => 0
                    [token] => 
                    [expire_token] => 
                    [created] => 2014-12-02 10:18:19
                    [comments] => 0
                )

            [2] => Array
                (
                    [id] => 120
                    [role_id] => 2
                    [username] => ewqeqweq@sss.ss
                    [password] => b675c1ec63df15582faf1c39db15309a270bdd36
                    [name] => das das das da
                    [pictogram_id] => 4
                    [agreed] => 0
                    [remember] => 0
                    [token] => 
                    [expire_token] => 
                    [created] => 2014-12-02 11:09:32
                    [comments] => 0
                )

            [3] => Array
                (
                    [id] => 121
                    [role_id] => 2
                    [username] => janci@janci.sk
                    [password] => 837726640f3dfa0ef6db3efd1e4f60086424e74f
                    [name] => d as dasd qwewq eqw eqw ed asd as
                    [pictogram_id] => 4
                    [agreed] => 1
                    [remember] => 0
                    [token] => 55daf54d-d4c8-4d91-ac23-3b547f003535
                    [expire_token] => 2015-08-24 14:44:09
                    [created] => 2014-12-02 11:15:17
                    [comments] => 2
                )

        )

    [user_role] => admin
)

2015-08-24 12:45:01 Debug: send mail jano@jano.sk s: Notifikacia z iQual.sk Data: Array
(
    [comment] => Array
        (
            [parent_id] => 212
            [private_id] => 0
            [text] => dasd asd as das das deqw ewdasd as das da
            [theme_id] => 49
            [user_id] => 121
            [username] => janci@janci.sk
            [name] => d as dasd qwewq eqw eqw ed asd as
            [created] => 2015-08-24 12:45:00
            [lft] => 417
            [rght] => 418
            [hash] => 55daf5ac-9060-4d31-badf-3b547f003535
            [id] => 213
        )

    [parent] => Array
        (
            [id] => 212
            [parent_id] => 210
            [lft] => 416
            [rght] => 419
            [theme_id] => 49
            [user_id] => 1
            [name] => Jan Ranostaj
            [username] => jano@jano.sk
            [text] => test
            [private_id] => 0
            [private_name] => 
            [youtube] => 
            [reaction] => 0
            [hash] => 55daf587-1860-470b-9ce9-3b547f003535
            [created] => 2015-08-24 12:44:23
        )

    [Theme] => Array
        (
            [id] => 49
            [project_id] => 47
            [name] => Test
            [text] => 
            [type] => 0
            [active] => 1
            [created] => 2015-08-24 12:41:48
            [created_format] => 24.08.15 - 12:41
            [respondents] => 5
            [comments] => 0
        )

    [Project] => Array
        (
            [id] => 47
            [name] => Testovanie projektu
            [description] => e qw eqw eqw
            [uname] => Jan Ranostaj
            [email] => jano@jano.sk
            [phone] => 8787878
            [youtube] => 0
            [image] => 0
            [active] => 1
            [created] => 2014-12-02 10:17:11
        )

    [ThemeUser] => Array
        (
            [theme_id] => 49
            [user_id] => 121
        )

    [ThemeImage] => Array
        (
        )

    [User] => Array
        (
            [0] => Array
                (
                    [id] => 8
                    [role_id] => 2
                    [username] => jan.ranostaj@gmail.com
                    [password] => 31cf3cf23b457a2b66f002a0e8c91fda6b0b2c07
                    [name] => Jan Ranostaj 8
                    [pictogram_id] => 4
                    [agreed] => 1
                    [remember] => 0
                    [token] => 
                    [expire_token] => 2014-11-19 13:01:36
                    [created] => 2014-06-18 14:12:35
                    [comments] => 13
                )

            [1] => Array
                (
                    [id] => 118
                    [role_id] => 2
                    [username] => jano@www.ss
                    [password] => dd5c010264bf9253e6cccc88c215a10148c44506
                    [name] => Janci 23434
                    [pictogram_id] => 1
                    [agreed] => 0
                    [remember] => 0
                    [token] => 
                    [expire_token] => 
                    [created] => 2014-12-02 10:18:19
                    [comments] => 0
                )

            [2] => Array
                (
                    [id] => 120
                    [role_id] => 2
                    [username] => ewqeqweq@sss.ss
                    [password] => b675c1ec63df15582faf1c39db15309a270bdd36
                    [name] => das das das da
                    [pictogram_id] => 4
                    [agreed] => 0
                    [remember] => 0
                    [token] => 
                    [expire_token] => 
                    [created] => 2014-12-02 11:09:32
                    [comments] => 0
                )

            [3] => Array
                (
                    [id] => 121
                    [role_id] => 2
                    [username] => janci@janci.sk
                    [password] => 837726640f3dfa0ef6db3efd1e4f60086424e74f
                    [name] => d as dasd qwewq eqw eqw ed asd as
                    [pictogram_id] => 4
                    [agreed] => 1
                    [remember] => 0
                    [token] => 55daf54d-d4c8-4d91-ac23-3b547f003535
                    [expire_token] => 2015-08-24 14:43:29
                    [created] => 2014-12-02 11:15:17
                    [comments] => 0
                )

        )

    [user_role] => user
)

2015-08-24 12:45:41 Debug: send mail jano@jano.sk s: Notifikacia z iQual.sk Data: Array
(
    [comment] => Array
        (
            [theme_id] => 49
            [parent_id] => 212
            [text] => ewq eqw eqw eqw eqwe q
            [user_id] => 121
            [username] => janci@janci.sk
            [name] => d as dasd qwewq eqw eqw ed asd as
            [created] => 2015-08-24 12:45:41
            [lft] => 419
            [rght] => 420
            [hash] => 55daf5d5-8810-4d35-a019-3b547f003535
            [id] => 214
        )

    [parent] => Array
        (
            [id] => 212
            [parent_id] => 210
            [lft] => 416
            [rght] => 421
            [theme_id] => 49
            [user_id] => 1
            [name] => Jan Ranostaj
            [username] => jano@jano.sk
            [text] => test
            [private_id] => 0
            [private_name] => 
            [youtube] => 
            [reaction] => 0
            [hash] => 55daf587-1860-470b-9ce9-3b547f003535
            [created] => 2015-08-24 12:44:23
        )

    [user_role] => user
)

2015-08-24 12:50:38 Debug: send mail janci@janci.sk s: Notifikacia z iQual.sk Data: Array
(
    [comment] => Array
        (
            [parent_id] => 213
            [private_id] => 0
            [text] => hahaha
            [theme_id] => 49
            [user_id] => 1
            [username] => jano@jano.sk
            [name] => Jan Ranostaj
            [created] => 2015-08-24 12:50:38
            [lft] => 418
            [rght] => 419
            [hash] => 55daf6fe-9000-4a39-b148-3b547f003535
            [id] => 215
        )

    [parent] => Array
        (
            [id] => 213
            [parent_id] => 212
            [lft] => 417
            [rght] => 420
            [theme_id] => 49
            [user_id] => 121
            [name] => d as dasd qwewq eqw eqw ed asd as
            [username] => janci@janci.sk
            [text] => dasd asd as das das deqw ewdasd as das da
            [private_id] => 0
            [private_name] => 
            [youtube] => 
            [reaction] => 0
            [hash] => 55daf5ac-9060-4d31-badf-3b547f003535
            [created] => 2015-08-24 12:45:00
        )

    [Theme] => Array
        (
            [id] => 49
            [project_id] => 47
            [name] => Test
            [text] => 
            [type] => 0
            [active] => 1
            [created] => 2015-08-24 12:41:48
            [created_format] => 24.08.15 - 12:41
            [respondents] => 5
            [comments] => 5
        )

    [Project] => Array
        (
            [id] => 47
            [name] => Testovanie projektu
            [description] => e qw eqw eqw
            [uname] => Jan Ranostaj
            [email] => jano@jano.sk
            [phone] => 8787878
            [youtube] => 0
            [image] => 0
            [active] => 1
            [created] => 2014-12-02 10:17:11
        )

    [ThemeUser] => Array
        (
            [theme_id] => 49
            [user_id] => 8
        )

    [ThemeImage] => Array
        (
        )

    [User] => Array
        (
            [0] => Array
                (
                    [id] => 8
                    [role_id] => 2
                    [username] => jan.ranostaj@gmail.com
                    [password] => 31cf3cf23b457a2b66f002a0e8c91fda6b0b2c07
                    [name] => Jan Ranostaj 8
                    [pictogram_id] => 4
                    [agreed] => 1
                    [remember] => 0
                    [token] => 
                    [expire_token] => 2014-11-19 13:01:36
                    [created] => 2014-06-18 14:12:35
                    [comments] => 13
                )

            [1] => Array
                (
                    [id] => 118
                    [role_id] => 2
                    [username] => jano@www.ss
                    [password] => dd5c010264bf9253e6cccc88c215a10148c44506
                    [name] => Janci 23434
                    [pictogram_id] => 1
                    [agreed] => 0
                    [remember] => 0
                    [token] => 
                    [expire_token] => 
                    [created] => 2014-12-02 10:18:19
                    [comments] => 0
                )

            [2] => Array
                (
                    [id] => 120
                    [role_id] => 2
                    [username] => ewqeqweq@sss.ss
                    [password] => b675c1ec63df15582faf1c39db15309a270bdd36
                    [name] => das das das da
                    [pictogram_id] => 4
                    [agreed] => 0
                    [remember] => 0
                    [token] => 
                    [expire_token] => 
                    [created] => 2014-12-02 11:09:32
                    [comments] => 0
                )

            [3] => Array
                (
                    [id] => 121
                    [role_id] => 2
                    [username] => janci@janci.sk
                    [password] => 837726640f3dfa0ef6db3efd1e4f60086424e74f
                    [name] => d as dasd qwewq eqw eqw ed asd as
                    [pictogram_id] => 4
                    [agreed] => 1
                    [remember] => 0
                    [token] => 55daf54d-d4c8-4d91-ac23-3b547f003535
                    [expire_token] => 2015-08-24 14:50:29
                    [created] => 2014-12-02 11:15:17
                    [comments] => 4
                )

        )

    [user_role] => admin
)

2015-08-24 12:50:51 Debug: send mail jano@jano.sk s: Notifikacia z iQual.sk Data: Array
(
    [comment] => Array
        (
            [theme_id] => 49
            [parent_id] => 215
            [text] => ahaaaaaaaa
            [user_id] => 121
            [username] => janci@janci.sk
            [name] => d as dasd qwewq eqw eqw ed asd as
            [created] => 2015-08-24 12:50:51
            [lft] => 419
            [rght] => 420
            [hash] => 55daf70b-3134-4858-b822-3b547f003535
            [id] => 216
        )

    [parent] => Array
        (
            [id] => 215
            [parent_id] => 213
            [lft] => 418
            [rght] => 421
            [theme_id] => 49
            [user_id] => 1
            [name] => Jan Ranostaj
            [username] => jano@jano.sk
            [text] => hahaha
            [private_id] => 0
            [private_name] => 
            [youtube] => 
            [reaction] => 0
            [hash] => 55daf6fe-9000-4a39-b148-3b547f003535
            [created] => 2015-08-24 12:50:38
        )

    [user_role] => user
)

2015-08-24 12:53:53 Debug: send mail jano@jano.sk s: Notifikacia z iQual.sk Data: Array
(
    [comment] => Array
        (
            [theme_id] => 49
            [parent_id] => 215
            [text] => ahaaaaaaaa
            [user_id] => 121
            [username] => janci@janci.sk
            [name] => d as dasd qwewq eqw eqw ed asd as
            [created] => 2015-08-24 12:53:53
            [lft] => 421
            [rght] => 422
            [hash] => 55daf7c1-84f0-4a54-ae3f-3b547f003535
            [id] => 217
        )

    [parent] => Array
        (
            [id] => 215
            [parent_id] => 213
            [lft] => 418
            [rght] => 423
            [theme_id] => 49
            [user_id] => 1
            [name] => Jan Ranostaj
            [username] => jano@jano.sk
            [text] => hahaha
            [private_id] => 0
            [private_name] => 
            [youtube] => 
            [reaction] => 1
            [hash] => 55daf6fe-9000-4a39-b148-3b547f003535
            [created] => 2015-08-24 12:50:38
        )

    [Theme] => Array
        (
            [id] => 49
            [project_id] => 47
            [name] => Test
            [text] => 
            [type] => 0
            [active] => 1
            [created] => 2015-08-24 12:41:48
            [created_format] => 24.08.15 - 12:41
            [respondents] => 5
            [comments] => 8
        )

    [Project] => Array
        (
            [id] => 47
            [name] => Testovanie projektu
            [description] => e qw eqw eqw
            [uname] => Jan Ranostaj
            [email] => jano@jano.sk
            [phone] => 8787878
            [youtube] => 0
            [image] => 0
            [active] => 1
            [created] => 2014-12-02 10:17:11
            [users] => 5
            [themes] => 1
        )

    [user_role] => user
)

2015-08-24 12:54:20 Debug: send mail jano@jano.sk s: Notifikacia z iQual.sk Data: Array
(
    [comment] => Array
        (
            [theme_id] => 49
            [parent_id] => 215
            [text] => ahaaaaaaaa
            [user_id] => 121
            [username] => janci@janci.sk
            [name] => d as dasd qwewq eqw eqw ed asd as
            [created] => 2015-08-24 12:54:20
            [lft] => 423
            [rght] => 424
            [hash] => 55daf7dc-ae60-4c26-8d53-3b547f003535
            [id] => 218
        )

    [parent] => Array
        (
            [id] => 215
            [parent_id] => 213
            [lft] => 418
            [rght] => 425
            [theme_id] => 49
            [user_id] => 1
            [name] => Jan Ranostaj
            [username] => jano@jano.sk
            [text] => hahaha
            [private_id] => 0
            [private_name] => 
            [youtube] => 
            [reaction] => 1
            [hash] => 55daf6fe-9000-4a39-b148-3b547f003535
            [created] => 2015-08-24 12:50:38
        )

    [user_role] => user
)

2015-08-24 12:56:31 Debug: send mail jano@jano.sk s: Notifikacia z iQual.sk Data: Array
(
    [comment] => Array
        (
            [theme_id] => 49
            [parent_id] => 215
            [text] => ahaaaaaaaa
            [user_id] => 121
            [username] => janci@janci.sk
            [name] => d as dasd qwewq eqw eqw ed asd as
            [created] => 2015-08-24 12:56:30
            [lft] => 425
            [rght] => 426
            [hash] => 55daf85e-6460-4a81-95ad-3b547f003535
            [id] => 219
        )

    [parent] => Array
        (
            [id] => 215
            [parent_id] => 213
            [lft] => 418
            [rght] => 427
            [theme_id] => 49
            [user_id] => 1
            [name] => Jan Ranostaj
            [username] => jano@jano.sk
            [text] => hahaha
            [private_id] => 0
            [private_name] => 
            [youtube] => 
            [reaction] => 1
            [hash] => 55daf6fe-9000-4a39-b148-3b547f003535
            [created] => 2015-08-24 12:50:38
        )

    [Theme] => Array
        (
            [id] => 49
            [project_id] => 47
            [name] => Test
            [text] => 
            [type] => 0
            [active] => 1
            [created] => 2015-08-24 12:41:48
            [created_format] => 24.08.15 - 12:41
            [respondents] => 5
            [comments] => 10
        )

    [Project] => Array
        (
            [id] => 47
            [name] => Testovanie projektu
            [description] => e qw eqw eqw
            [uname] => Jan Ranostaj
            [email] => jano@jano.sk
            [phone] => 8787878
            [youtube] => 0
            [image] => 0
            [active] => 1
            [created] => 2014-12-02 10:17:11
            [users] => 5
            [themes] => 1
        )

    [user_role] => user
)

2015-08-24 12:57:03 Debug: send mail janci@janci.sk s: Notifikacia z iQual.sk Data: Array
(
    [comment] => Array
        (
            [theme_id] => 49
            [parent_id] => 213
            [text] => naozzzaa??
            [user_id] => 1
            [username] => jano@jano.sk
            [name] => Jan Ranostaj
            [created] => 2015-08-24 12:57:03
            [lft] => 428
            [rght] => 429
            [hash] => 55daf87f-a494-4278-a236-3b547f003535
            [id] => 220
        )

    [parent] => Array
        (
            [id] => 213
            [parent_id] => 212
            [lft] => 417
            [rght] => 430
            [theme_id] => 49
            [user_id] => 121
            [name] => d as dasd qwewq eqw eqw ed asd as
            [username] => janci@janci.sk
            [text] => dasd asd as das das deqw ewdasd as das da
            [private_id] => 0
            [private_name] => 
            [youtube] => 
            [reaction] => 0
            [hash] => 55daf5ac-9060-4d31-badf-3b547f003535
            [created] => 2015-08-24 12:45:00
        )

    [Theme] => Array
        (
            [id] => 49
            [project_id] => 47
            [name] => Test
            [text] => 
            [type] => 0
            [active] => 1
            [created] => 2015-08-24 12:41:48
            [created_format] => 24.08.15 - 12:41
            [respondents] => 5
            [comments] => 11
        )

    [Project] => Array
        (
            [id] => 47
            [name] => Testovanie projektu
            [description] => e qw eqw eqw
            [uname] => Jan Ranostaj
            [email] => jano@jano.sk
            [phone] => 8787878
            [youtube] => 0
            [image] => 0
            [active] => 1
            [created] => 2014-12-02 10:17:11
            [users] => 5
            [themes] => 1
        )

    [user_role] => admin
)

2015-08-31 09:24:08 Debug: send mail jano@www.ss s: Notifikacia z iQual.sk Data: Array
(
    [comment] => Array
        (
            [parent_id] => 1
            [private_id] => 118
            [text] => Diki za test
            [theme_id] => 49
            [user_id] => 1
            [username] => jano@jano.sk
            [name] => Jan Ranostaj
            [private_name] => Janci 23434
            [created] => 2015-08-31 09:24:08
            [lft] => 2
            [rght] => 3
            [hash] => 55e40118-d86c-424f-92f9-11887f003535
            [id] => 2
        )

    [parent] => Array
        (
            [id] => 1
            [parent_id] => 0
            [lft] => 1
            [rght] => 4
            [theme_id] => 49
            [user_id] => 118
            [name] => Janci 23434
            [username] => jano@www.ss
            [text] => Testujem
            [private_id] => 0
            [private_name] => 
            [youtube] => 
            [reaction] => 0
            [hash] => 55e400d8-0a0c-4227-bc87-11887f003535
            [created] => 2015-08-31 09:23:04
        )

    [Theme] => Array
        (
            [id] => 49
            [project_id] => 47
            [name] => Test
            [text] => 
            [type] => 1
            [active] => 1
            [created] => 2015-08-24 12:41:48
            [created_format] => 24.08.15 - 12:41
            [respondents] => 5
            [comments] => 2
        )

    [Project] => Array
        (
            [id] => 47
            [name] => Testovanie projektu
            [description] => e qw eqw eqw
            [uname] => Jan Ranostaj
            [email] => jano@jano.sk
            [phone] => 8787878
            [youtube] => 0
            [image] => 0
            [active] => 1
            [created] => 2014-12-02 10:17:11
            [users] => 5
            [themes] => 1
        )

    [user_role] => admin
)

2015-08-31 09:32:53 Debug: send mail janci@janci.sk s: Notifikacia z iQual.sk Data: Array
(
    [comment] => Array
        (
            [parent_id] => 0
            [private_id] => 121
            [text] => Ahoj Ako sa mas?
            [theme_id] => 49
            [user_id] => 1
            [username] => jano@jano.sk
            [name] => Jan Ranostaj
            [private_name] => d as dasd qwewq eqw eqw ed asd as
            [created] => 2015-08-31 09:32:53
            [lft] => 7
            [rght] => 8
            [hash] => 55e40325-59a8-41c4-8579-11887f003535
            [id] => 4
        )

    [parent] => 
    [Theme] => Array
        (
            [id] => 49
            [project_id] => 47
            [name] => Test
            [text] => 
            [type] => 1
            [active] => 1
            [created] => 2015-08-24 12:41:48
            [created_format] => 24.08.15 - 12:41
            [respondents] => 5
            [comments] => 4
        )

    [Project] => Array
        (
            [id] => 47
            [name] => Testovanie projektu
            [description] => e qw eqw eqw
            [uname] => Jan Ranostaj
            [email] => jano@jano.sk
            [phone] => 8787878
            [youtube] => 0
            [image] => 0
            [active] => 1
            [created] => 2014-12-02 10:17:11
            [users] => 5
            [themes] => 1
        )

    [user_role] => admin
)

2015-08-31 09:58:21 Debug: send mail janci@janci.sk s: Notifikacia z iQual.sk Data: Array
(
    [comment] => Array
        (
            [parent_id] => 3
            [private_id] => 0
            [text] => Hello ako?
            [theme_id] => 49
            [user_id] => 1
            [username] => jano@jano.sk
            [name] => Jan Ranostaj
            [created] => 2015-08-31 09:58:21
            [lft] => 6
            [rght] => 7
            [hash] => 55e4091d-d42c-438b-b6d0-11887f003535
            [id] => 5
        )

    [parent] => Array
        (
            [id] => 3
            [parent_id] => 0
            [lft] => 5
            [rght] => 8
            [theme_id] => 49
            [user_id] => 121
            [name] => d as dasd qwewq eqw eqw ed asd as
            [username] => janci@janci.sk
            [text] => ahojte 
            [private_id] => 0
            [private_name] => 
            [youtube] => 
            [reaction] => 0
            [hash] => 55e402e9-1d44-49b6-a4c5-11887f003535
            [created] => 2015-08-31 09:31:53
        )

    [Theme] => Array
        (
            [id] => 49
            [project_id] => 47
            [name] => Test
            [text] => 
            [type] => 1
            [active] => 1
            [created] => 2015-08-24 12:41:48
            [created_format] => 24.08.15 - 12:41
            [respondents] => 5
            [comments] => 5
        )

    [Project] => Array
        (
            [id] => 47
            [name] => Testovanie projektu
            [description] => e qw eqw eqw
            [uname] => Jan Ranostaj
            [email] => jano@jano.sk
            [phone] => 8787878
            [youtube] => 0
            [image] => 0
            [active] => 1
            [created] => 2014-12-02 10:17:11
            [users] => 5
            [themes] => 1
        )

    [user_role] => admin
)

2015-08-31 09:58:38 Debug: send mail janci@janci.sk s: Notifikacia z iQual.sk Data: Array
(
    [comment] => Array
        (
            [parent_id] => 3
            [private_id] => 121
            [text] => Hello sukromna
            [theme_id] => 49
            [user_id] => 1
            [username] => jano@jano.sk
            [name] => Jan Ranostaj
            [private_name] => d as dasd qwewq eqw eqw ed asd as
            [created] => 2015-08-31 09:58:38
            [lft] => 8
            [rght] => 9
            [hash] => 55e4092e-753c-4312-b37a-11887f003535
            [id] => 6
        )

    [parent] => Array
        (
            [id] => 3
            [parent_id] => 0
            [lft] => 5
            [rght] => 10
            [theme_id] => 49
            [user_id] => 121
            [name] => d as dasd qwewq eqw eqw ed asd as
            [username] => janci@janci.sk
            [text] => ahojte 
            [private_id] => 0
            [private_name] => 
            [youtube] => 
            [reaction] => 0
            [hash] => 55e402e9-1d44-49b6-a4c5-11887f003535
            [created] => 2015-08-31 09:31:53
        )

    [Theme] => Array
        (
            [id] => 49
            [project_id] => 47
            [name] => Test
            [text] => 
            [type] => 1
            [active] => 1
            [created] => 2015-08-24 12:41:48
            [created_format] => 24.08.15 - 12:41
            [respondents] => 5
            [comments] => 6
        )

    [Project] => Array
        (
            [id] => 47
            [name] => Testovanie projektu
            [description] => e qw eqw eqw
            [uname] => Jan Ranostaj
            [email] => jano@jano.sk
            [phone] => 8787878
            [youtube] => 0
            [image] => 0
            [active] => 1
            [created] => 2014-12-02 10:17:11
            [users] => 5
            [themes] => 1
        )

    [user_role] => admin
)

2015-08-31 10:10:49 Debug: send mail jano@www.ss s: Notifikacia z iQual.sk Data: Array
(
    [comment] => Array
        (
            [parent_id] => 0
            [private_id] => 118
            [text] => Sukromna pre teba
            [theme_id] => 49
            [user_id] => 1
            [username] => jano@jano.sk
            [name] => Jan Ranostaj
            [private_name] => Janci 23434
            [created] => 2015-08-31 10:10:49
            [lft] => 13
            [rght] => 14
            [hash] => 55e40c09-7420-4954-ac57-11887f003535
            [id] => 7
        )

    [parent] => 
    [Theme] => Array
        (
            [id] => 49
            [project_id] => 47
            [name] => Test
            [text] => 
            [type] => 1
            [active] => 1
            [created] => 2015-08-24 12:41:48
            [created_format] => 24.08.15 - 12:41
            [respondents] => 5
            [comments] => 7
        )

    [Project] => Array
        (
            [id] => 47
            [name] => Testovanie projektu
            [description] => e qw eqw eqw
            [uname] => Jan Ranostaj
            [email] => jano@jano.sk
            [phone] => 8787878
            [youtube] => 0
            [image] => 0
            [active] => 1
            [created] => 2014-12-02 10:17:11
            [users] => 5
            [themes] => 1
        )

    [user_role] => admin
)

2015-08-31 11:04:11 Debug: send mail jano@jano.sk s: Notifikacia z iQual.sk Data: Array
(
    [comment] => Array
        (
            [parent_id] => 6
            [private_id] => 0
            [text] => ewqeqweqw
            [theme_id] => 49
            [user_id] => 121
            [username] => janci@janci.sk
            [name] => d as dasd qwewq eqw eqw ed asd as
            [created] => 2015-08-31 11:04:11
            [lft] => 11
            [rght] => 12
            [hash] => 55e4188b-29b0-42e3-a6ea-11887f003535
            [id] => 9
        )

    [parent] => Array
        (
            [id] => 6
            [parent_id] => 3
            [lft] => 8
            [rght] => 13
            [theme_id] => 49
            [user_id] => 1
            [name] => Jan Ranostaj
            [username] => jano@jano.sk
            [text] => Hello sukromna
            [private_id] => 121
            [private_name] => d as dasd qwewq eqw eqw ed asd as
            [youtube] => 
            [reaction] => 0
            [hash] => 55e4092e-753c-4312-b37a-11887f003535
            [created] => 2015-08-31 09:58:38
        )

    [Theme] => Array
        (
            [id] => 49
            [project_id] => 47
            [name] => Test
            [text] => 
            [type] => 1
            [active] => 1
            [created] => 2015-08-24 12:41:48
            [created_format] => 24.08.15 - 12:41
            [respondents] => 5
            [comments] => 9
        )

    [Project] => Array
        (
            [id] => 47
            [name] => Testovanie projektu
            [description] => e qw eqw eqw
            [uname] => Jan Ranostaj
            [email] => jano@jano.sk
            [phone] => 8787878
            [youtube] => 0
            [image] => 0
            [active] => 1
            [created] => 2014-12-02 10:17:11
            [users] => 5
            [themes] => 1
        )

    [user_role] => user
)

2015-08-31 11:10:09 Debug: send mail jano@jano.sk s: Notifikacia z iQual.sk Data: Array
(
    [comment] => Array
        (
            [parent_id] => 6
            [private_id] => 0
            [text] => ewqeqweqw
            [theme_id] => 49
            [user_id] => 121
            [username] => janci@janci.sk
            [name] => d as dasd qwewq eqw eqw ed asd as
            [created] => 2015-08-31 11:10:09
            [lft] => 13
            [rght] => 14
            [hash] => 55e419f1-469c-4040-b20b-11887f003535
            [id] => 10
        )

    [parent] => Array
        (
            [id] => 6
            [parent_id] => 3
            [lft] => 8
            [rght] => 15
            [theme_id] => 49
            [user_id] => 1
            [name] => Jan Ranostaj
            [username] => jano@jano.sk
            [text] => Hello sukromna
            [private_id] => 121
            [private_name] => d as dasd qwewq eqw eqw ed asd as
            [youtube] => 
            [reaction] => 0
            [hash] => 55e4092e-753c-4312-b37a-11887f003535
            [created] => 2015-08-31 09:58:38
        )

    [parent_user] => Array
        (
            [id] => 1
            [role_id] => 1
            [username] => jano@jano.sk
            [password] => 837726640f3dfa0ef6db3efd1e4f60086424e74f
            [name] => Jan Ranostaj
            [pictogram_id] => 1
            [agreed] => 0
            [remember] => 0
            [token] => 55e3fb3e-c880-4759-91ba-11887f003535
            [expire_token] => 2015-08-31 12:55:05
            [created] => 0000-00-00 00:00:00
            [comments] => 5
        )

    [Theme] => Array
        (
            [id] => 49
            [project_id] => 47
            [name] => Test
            [text] => 
            [type] => 1
            [active] => 1
            [created] => 2015-08-24 12:41:48
            [created_format] => 24.08.15 - 12:41
            [respondents] => 5
            [comments] => 10
        )

    [Project] => Array
        (
            [id] => 47
            [name] => Testovanie projektu
            [description] => e qw eqw eqw
            [uname] => Jan Ranostaj
            [email] => jano@jano.sk
            [phone] => 8787878
            [youtube] => 0
            [image] => 0
            [active] => 1
            [created] => 2014-12-02 10:17:11
            [users] => 5
            [themes] => 1
        )

    [user_role] => user
)

2016-02-09 11:02:16 Debug: send mail jan.ranostaj@gmail.com s: Zmena hesla - iQual Data: Array
(
    [password] => XotpIDK
)

2016-02-09 11:02:34 Debug: send mail jano@jano.sk s: Zmena hesla - iQual Data: Array
(
    [password] => oIlC34K
)

2016-02-09 13:23:22 Debug: send mail dadada@sss.ss s: Zmena hesla - iQual Data: Array
(
    [password] => upNbF6U
)

